<?xml version="1.0" encoding="UTF-8" ?>
<testsuite skipped="0" tests="1" failures="0" errors="0" name="br.com.devmedia.hibernateogm.AppTest" time="0.002">
  <properties>
    <property value="IBM Corporation" name="java.vendor"/>
    <property value="SUN_STANDARD" name="sun.java.launcher"/>
    <property value="Windows 7" name="os.name"/>
    <property value="C:\ambienteDesenv\programas\java\ibm_sdk60\jre\lib\vm.jar;C:\ambienteDesenv\programas\java\ibm_sdk60\jre\lib\annotation.jar;C:\ambienteDesenv\programas\java\ibm_sdk60\jre\lib\beans.jar;C:\ambienteDesenv\programas\java\ibm_sdk60\jre\lib\java.util.jar;C:\ambienteDesenv\programas\java\ibm_sdk60\jre\lib\jndi.jar;C:\ambienteDesenv\programas\java\ibm_sdk60\jre\lib\logging.jar;C:\ambienteDesenv\programas\java\ibm_sdk60\jre\lib\security.jar;C:\ambienteDesenv\programas\java\ibm_sdk60\jre\lib\sql.jar;C:\ambienteDesenv\programas\java\ibm_sdk60\jre\lib\ibmorb.jar;C:\ambienteDesenv\programas\java\ibm_sdk60\jre\lib\ibmorbapi.jar;C:\ambienteDesenv\programas\java\ibm_sdk60\jre\lib\ibmcfw.jar;C:\ambienteDesenv\programas\java\ibm_sdk60\jre\lib\rt.jar;C:\ambienteDesenv\programas\java\ibm_sdk60\jre\lib\charsets.jar;C:\ambienteDesenv\programas\java\ibm_sdk60\jre\lib\resources.jar;C:\ambienteDesenv\programas\java\ibm_sdk60\jre\lib\ibmpkcs.jar;C:\ambienteDesenv\programas\java\ibm_sdk60\jre\lib\ibmcertpathfw.jar;C:\ambienteDesenv\programas\java\ibm_sdk60\jre\lib\ibmjgssfw.jar;C:\ambienteDesenv\programas\java\ibm_sdk60\jre\lib\ibmjssefw.jar;C:\ambienteDesenv\programas\java\ibm_sdk60\jre\lib\ibmsaslfw.jar;C:\ambienteDesenv\programas\java\ibm_sdk60\jre\lib\ibmjcefw.jar;C:\ambienteDesenv\programas\java\ibm_sdk60\jre\lib\ibmjgssprovider.jar;C:\ambienteDesenv\programas\java\ibm_sdk60\jre\lib\ibmjsseprovider2.jar;C:\ambienteDesenv\programas\java\ibm_sdk60\jre\lib\ibmcertpathprovider.jar;C:\ambienteDesenv\programas\java\ibm_sdk60\jre\lib\management-agent.jar;C:\ambienteDesenv\programas\java\ibm_sdk60\jre\lib\xml.jar;C:\ambienteDesenv\programas\java\ibm_sdk60\jre\lib\jlm.jar;C:\ambienteDesenv\programas\java\ibm_sdk60\jre\lib\javascript.jar" name="sun.boot.class.path"/>
    <property value="" name="sun.java2d.fontpath"/>
    <property value="Sun Microsystems Inc." name="java.vm.specification.vendor"/>
    <property value="pwi3260sr13fp2-20130424_01 (SR13 FP2)" name="java.runtime.version"/>
    <property value="7700188247" name="user.name"/>
    <property value="j9jit24" name="java.compiler"/>
    <property value="UTF8" name="os.encoding"/>
    <property value="true" name="guice.disable.misplaced.annotation.check"/>
    <property value="" name="com.ibm.util.extralibs.properties"/>
    <property value="" name="com.ibm.jcl.checkClassPath"/>
    <property value="pt" name="user.language"/>
    <property value="C:\ambienteDesenv\programas\java\ibm_sdk60\jre\bin" name="com.ibm.oti.vm.bootstrap.library.path"/>
    <property value="C:\ambienteDesenv\programas\java\ibm_sdk60\jre\bin" name="sun.boot.library.path"/>
    <property value="C:\Users\7700188247.VVAREJO\eclipse-workspace\.metadata\.plugins\org.eclipse.m2e.launching\launches\m2conf4883094693181392928.tmp" name="classworlds.conf"/>
    <property value="1.6.0" name="java.version"/>
    <property value="America/Sao_Paulo" name="user.timezone"/>
    <property value="32" name="sun.arch.data.model"/>
    <property value="1" name="com.ibm.zero.version"/>
    <property value="C:\ambienteDesenv\programas\java\ibm_sdk60\jre\lib\endorsed" name="java.endorsed.dirs"/>
    <property value="24" name="com.ibm.oti.vm.library.version"/>
    <property value="Cp1252" name="sun.jnu.encoding"/>
    <property value="15" name="jxe.current.romimage.version"/>
    <property value="\" name="file.separator"/>
    <property value="Java Platform API Specification" name="java.specification.name"/>
    <property value="50.0" name="java.class.version"/>
    <property value="BR" name="user.country"/>
    <property value="C:\ambienteDesenv\programas\java\ibm_sdk60\jre" name="java.home"/>
    <property value="JRE 1.6.0 IBM J9 2.4 Windows 7 x86-32 jvmwi3260sr13fp2-20130423_146146 (JIT enabled, AOT enabled)
J9VM - 20130423_146146
JIT  - r9_20130108_31100ifx1
GC   - 20121212_AA" name="java.vm.info"/>
    <property value="6.1 build 7601 Service Pack 1" name="os.version"/>
    <property value="" name="java.awt.fonts"/>
    <property value=";" name="path.separator"/>
    <property value="2.4" name="java.vm.version"/>
    <property value="java.util.prefs.WindowsPreferencesFactory" name="java.util.prefs.PreferencesFactory"/>
    <property value="" name="user.variant"/>
    <property value="sun.awt.windows.WPrinterJob" name="java.awt.printerjob"/>
    <property value="UnicodeLittle" name="sun.io.unicode.encoding"/>
    <property value="sun.awt.windows.WToolkit" name="awt.toolkit"/>
    <property value="true" name="ibm.signalhandling.sigint"/>
    <property value="ON" name="java.assistive"/>
    <property value="C:\Users\7700188247.VVAREJO" name="user.home"/>
    <property value="little" name="com.ibm.cpu.endian"/>
    <property value="Sun Microsystems Inc." name="java.specification.vendor"/>
    <property value="true" name="ibm.signalhandling.sigchain"/>
    <property value="C:\ambienteDesenv\programas\java\ibm_sdk60\jre\bin;C:\Windows\SysWOW64;C:\Windows;C:/Program Files/Java/jre1.8.0_161/bin/server;C:/Program Files/Java/jre1.8.0_161/bin;C:/Program Files/Java/jre1.8.0_161/lib/amd64;C:\Program Files (x86)\Common Files\Oracle\Java\javapath;C:\ProgramData\Oracle\Java\javapath;C:\Program Files (x86)\Intel\iCLS Client\;C:\Program Files\Intel\iCLS Client\;C:\Rational\IBM\RationalSDLC\common;C:\Program Files (x86)\CA\SC\CAWIN\;C:\Windows\system32;C:\Windows;C:\Windows\System32\Wbem;C:\Windows\System32\WindowsPowerShell\v1.0\;C:\Program Files (x86)\Intel\OpenCL SDK\2.0\bin\x86;C:\Program Files (x86)\Intel\OpenCL SDK\2.0\bin\x64;C:\PROGRA~2\CA\SC\CAM\bin;C:\Program Files (x86)\IBM\Personal Communications\;C:\Program Files (x86)\IBM\Trace Facility\;C:\Program Files (x86)\CA\SC\Csam\SockAdapter\bin;C:\Program Files (x86)\CA\SC\CBB\;C:\Program Files (x86)\CA\DSM\bin;C:\IMNnq_NT;C:\IBMVAGEN\VGCSO45\;C:\IBMVAGEN\VGCSO45\VA36;C:\IBMVAGEN\VGCSO45\exe;C:\Program Files (x86)\IBM\IBM CICS Universal Client\BIN;C:\ObjREXX;C:\Rational\IBM\RationalSDLC\ClearCase\bin;C:\Program Files (x86)\IBM\gsk8\lib;C:\Program Files (x86)\IBM\gsk8\bin;C:\Rational\IBM\RationalSDLC\ClearQuest;C:\PROGRA~1\IBM\SQLLIB\BIN;C:\PROGRA~1\IBM\SQLLIB\FUNCTION;C:\PROGRA~1\IBM\SQLLIB\SAMPLES\REPL;C:\Program Files (x86)\Intel\Intel(R) Management Engine Components\DAL;C:\Program Files\Intel\Intel(R) Management Engine Components\DAL;C:\Program Files (x86)\Intel\Intel(R) Management Engine Components\IPT;C:\Program Files\Intel\Intel(R) Management Engine Components\IPT;C:\Program Files\Git\cmd;C:\ambienteDesenv\programas\maven\bin;C:\ambienteDesenv\programas\maven\bin;C:\ProgramData\chocolatey\bin;C:\Program Files\nodejs\;C:\Users\7700188247.VVAREJO\AppData\Local\Continuum\anaconda3;C:\Users\7700188247.VVAREJO\AppData\Local\Continuum\anaconda3\Library\mingw-w64\bin;C:\Users\7700188247.VVAREJO\AppData\Local\Continuum\anaconda3\Library\usr\bin;C:\Users\7700188247.VVAREJO\AppData\Local\Continuum\anaconda3\Library\bin;C:\Users\7700188247.VVAREJO\AppData\Local\Continuum\anaconda3\Scripts;C:\Users\7700188247.VVAREJO\AppData\Local\Programs\Microsoft VS Code\bin;C:\Users\7700188247.VVAREJO\AppData\Roaming\npm;C:\Program Files\JetBrains\PyCharm Community Edition 2019.2.3\bin;;C:\Users\7700188247.VVAREJO\Desktop;;." name="java.library.path"/>
    <property value="http://www.ibm.com/" name="java.vendor.url"/>
    <property value="IBM Corporation" name="java.vm.vendor"/>
    <property value="JRE 1.6.0 IBM J9 2.4 Windows 7 x86-32 jvmwi3260sr13fp2-20130423_146146 (JIT enabled, AOT enabled)
J9VM - 20130423_146146
JIT  - r9_20130108_31100ifx1
GC   - 20121212_AA" name="java.fullversion"/>
    <property value="C:\ambienteDesenv\programas\maven" name="maven.home"/>
    <property value="Java(TM) SE Runtime Environment" name="java.runtime.name"/>
    <property value="org.codehaus.plexus.classworlds.launcher.Launcher -B -s C:\ambienteDesenv\programas\maven\conf\settings-ibm-jdk-8.xml clean install" name="sun.java.command"/>
    <property value="C:\ambienteDesenv\programas\maven\boot\plexus-classworlds-2.5.2.jar" name="java.class.path"/>
    <property value="Java Virtual Machine Specification" name="java.vm.specification.name"/>
    <property value="1.0" name="java.vm.specification.version"/>
    <property value="little" name="sun.cpu.endian"/>
    <property value="C:\Users\770018~1.VVA\AppData\Local\Temp\" name="java.io.tmpdir"/>
    <property value="20130419_01" name="java.jcl.version"/>
    <property value="Cp1252" name="ibm.system.encoding"/>
    <property value="x86" name="os.arch"/>
    <property value="sun.awt.Win32GraphicsEnvironment" name="java.awt.graphicsenv"/>
    <property value="false" name="ibm.signalhandling.rs"/>
    <property value="C:\ambienteDesenv\programas\java\ibm_sdk60\jre\lib\ext" name="java.ext.dirs"/>
    <property value="C:\Users\7700188247.VVAREJO\Downloads\deleteme\016-Fonte_Pocket_HibernateOgm_MongoDB_OGMMD\hibernate-ogm" name="user.dir"/>
    <property value="
" name="line.separator"/>
    <property value="IBM J9 VM" name="java.vm.name"/>
    <property value="false" name="com.ibm.oti.shared.enabled"/>
    <property value="32" name="com.ibm.vm.bitmode"/>
    <property value="15" name="jxe.lowest.romimage.version"/>
    <property value="Cp1252" name="file.encoding"/>
    <property value="scar" name="com.ibm.oti.configuration"/>
    <property value="1.6" name="java.specification.version"/>
    <property value="20130112_1234" name="com.ibm.oti.jcl.build"/>
  </properties>
  <testcase classname="br.com.devmedia.hibernateogm.AppTest" name="testApp" time="0.002"/>
</testsuite>